23:16:31.297 INFO - Selenium build info: version: '3.3.1', revision: '5234b32'
23:16:31.298 INFO - Launching a standalone Selenium Server
2018-06-05 23:16:31.316:INFO::main: Logging initialized @276ms to org.seleniumhq.jetty9.util.log.StdErrLog
23:16:31.377 INFO - Driver provider org.openqa.selenium.ie.InternetExplorerDriver registration is skipped:
 registration capabilities Capabilities [{ensureCleanSession=true, browserName=internet explorer, version=, platform=WINDOWS}] does not match the current platform MAC
23:16:31.377 INFO - Driver provider org.openqa.selenium.edge.EdgeDriver registration is skipped:
 registration capabilities Capabilities [{browserName=MicrosoftEdge, version=, platform=WINDOWS}] does not match the current platform MAC
23:16:31.377 INFO - Driver class not found: com.opera.core.systems.OperaDriver
23:16:31.378 INFO - Driver provider com.opera.core.systems.OperaDriver registration is skipped:
Unable to create new instances on this machine.
23:16:31.378 INFO - Driver class not found: com.opera.core.systems.OperaDriver
23:16:31.378 INFO - Driver provider com.opera.core.systems.OperaDriver is not registered
2018-06-05 23:16:31.431:INFO:osjs.Server:main: jetty-9.2.20.v20161216
2018-06-05 23:16:31.463:INFO:osjsh.ContextHandler:main: Started o.s.j.s.ServletContextHandler@685cb137{/,null,AVAILABLE}
2018-06-05 23:16:31.494:INFO:osjs.AbstractConnector:main: Started ServerConnector@5bcab519{HTTP/1.1,[http/1.1]}{0.0.0.0:4444}
2018-06-05 23:16:31.495:INFO:osjs.Server:main: Started @455ms
23:16:31.495 INFO - Selenium Server is up and running
23:16:32.707 INFO - SessionCleaner initialized with insideBrowserTimeout 0 and clientGoneTimeout 1800000 polling every 180000
23:16:32.731 INFO - Executing: [new session: Capabilities [{acceptSslCerts=true, name=Flight Tests, browserName=chrome, javascriptEnabled=true, platform=ANY}]])
23:16:32.745 INFO - Creating a new session for Capabilities [{acceptSslCerts=true, name=Flight Tests, browserName=chrome, javascriptEnabled=true, platform=ANY}]
Starting ChromeDriver 2.37.544337 (8c0344a12e552148c185f7d5117db1f28d6c9e85) on port 47671
Only local connections are allowed.
23:16:33.703 INFO - Detected dialect: OSS
23:16:33.721 INFO - Done: [new session: Capabilities [{acceptSslCerts=true, name=Flight Tests, browserName=chrome, javascriptEnabled=true, platform=ANY}]]
23:16:33.734 INFO - Executing: [get: https://www.clicktripz.com/test.php])
23:16:34.677 INFO - Done: [get: https://www.clicktripz.com/test.php]
23:16:34.683 INFO - Executing: [find element: By.xpath: html/body/div[1]/div/ul[1]/li[4]/a])
23:16:34.708 INFO - Done: [find element: By.xpath: html/body/div[1]/div/ul[1]/li[4]/a]
23:16:34.711 INFO - Executing: [click: 0 [[ChromeDriver: chrome on MAC (c5f7e41ea1437884d413156824379311)] -> xpath: html/body/div[1]/div/ul[1]/li[4]/a]])
23:16:34.968 INFO - Done: [click: 0 [[ChromeDriver: chrome on MAC (c5f7e41ea1437884d413156824379311)] -> xpath: html/body/div[1]/div/ul[1]/li[4]/a]]
23:16:34.974 INFO - Executing: [find element: By.xpath: html/body/div[1]/div/h1])
23:16:34.989 INFO - Done: [find element: By.xpath: html/body/div[1]/div/h1]
23:16:34.992 INFO - Executing: [get text: 1 [[ChromeDriver: chrome on MAC (c5f7e41ea1437884d413156824379311)] -> xpath: html/body/div[1]/div/h1]])
23:16:35.009 INFO - Done: [get text: 1 [[ChromeDriver: chrome on MAC (c5f7e41ea1437884d413156824379311)] -> xpath: html/body/div[1]/div/h1]]
23:16:35.013 INFO - Executing: [find element: By.xpath: //*[@id='city1']])
23:16:35.028 INFO - Done: [find element: By.xpath: //*[@id='city1']]
23:16:35.030 INFO - Executing: [clear: 2 [[ChromeDriver: chrome on MAC (c5f7e41ea1437884d413156824379311)] -> xpath: //*[@id='city1']]])
23:16:35.052 INFO - Done: [clear: 2 [[ChromeDriver: chrome on MAC (c5f7e41ea1437884d413156824379311)] -> xpath: //*[@id='city1']]]
23:16:35.055 INFO - Executing: [find element: By.xpath: //*[@id='city1']])
23:16:35.065 INFO - Done: [find element: By.xpath: //*[@id='city1']]
23:16:35.068 INFO - Executing: [send keys: 2 [[ChromeDriver: chrome on MAC (c5f7e41ea1437884d413156824379311)] -> xpath: //*[@id='city1']], [A, B, I, A]])
23:16:35.133 INFO - Done: [send keys: 2 [[ChromeDriver: chrome on MAC (c5f7e41ea1437884d413156824379311)] -> xpath: //*[@id='city1']], [A, B, I, A]]
23:16:35.136 INFO - Executing: [find element: By.xpath: //*[@id='city2']])
23:16:35.149 INFO - Done: [find element: By.xpath: //*[@id='city2']]
23:16:35.151 INFO - Executing: [clear: 3 [[ChromeDriver: chrome on MAC (c5f7e41ea1437884d413156824379311)] -> xpath: //*[@id='city2']]])
23:16:35.168 INFO - Done: [clear: 3 [[ChromeDriver: chrome on MAC (c5f7e41ea1437884d413156824379311)] -> xpath: //*[@id='city2']]]
23:16:35.172 INFO - Executing: [find element: By.xpath: //*[@id='city2']])
23:16:35.179 INFO - Done: [find element: By.xpath: //*[@id='city2']]
23:16:35.182 INFO - Executing: [send keys: 3 [[ChromeDriver: chrome on MAC (c5f7e41ea1437884d413156824379311)] -> xpath: //*[@id='city2']], [L, A, X]])
23:16:35.219 INFO - Done: [send keys: 3 [[ChromeDriver: chrome on MAC (c5f7e41ea1437884d413156824379311)] -> xpath: //*[@id='city2']], [L, A, X]]
23:16:35.221 INFO - Executing: [find element: By.xpath: //*[@id='date1']])
23:16:35.234 INFO - Done: [find element: By.xpath: //*[@id='date1']]
23:16:35.237 INFO - Executing: [click: 4 [[ChromeDriver: chrome on MAC (c5f7e41ea1437884d413156824379311)] -> xpath: //*[@id='date1']]])
23:16:35.311 INFO - Done: [click: 4 [[ChromeDriver: chrome on MAC (c5f7e41ea1437884d413156824379311)] -> xpath: //*[@id='date1']]]
23:16:35.314 INFO - Executing: [find element: By.xpath: //*[@id='ui-datepicker-div']/div/a[1]/span])
23:16:35.331 INFO - Done: [find element: By.xpath: //*[@id='ui-datepicker-div']/div/a[1]/span]
23:16:35.333 INFO - Executing: [click: 5 [[ChromeDriver: chrome on MAC (c5f7e41ea1437884d413156824379311)] -> xpath: //*[@id='ui-datepicker-div']/div/a[1]/span]])
23:16:35.389 INFO - Done: [click: 5 [[ChromeDriver: chrome on MAC (c5f7e41ea1437884d413156824379311)] -> xpath: //*[@id='ui-datepicker-div']/div/a[1]/span]]
23:16:35.393 INFO - Executing: [find element: By.xpath: //*[@id='ui-datepicker-div']/table/tbody/tr[4]/td[6]/a])
23:16:35.410 INFO - Done: [find element: By.xpath: //*[@id='ui-datepicker-div']/table/tbody/tr[4]/td[6]/a]
23:16:35.412 INFO - Executing: [click: 6 [[ChromeDriver: chrome on MAC (c5f7e41ea1437884d413156824379311)] -> xpath: //*[@id='ui-datepicker-div']/table/tbody/tr[4]/td[6]/a]])
23:16:35.499 INFO - Done: [click: 6 [[ChromeDriver: chrome on MAC (c5f7e41ea1437884d413156824379311)] -> xpath: //*[@id='ui-datepicker-div']/table/tbody/tr[4]/td[6]/a]]
23:16:36.507 INFO - Executing: [find element: By.xpath: //*[@id='date2']])
23:16:36.524 INFO - Done: [find element: By.xpath: //*[@id='date2']]
23:16:36.526 INFO - Executing: [click: 7 [[ChromeDriver: chrome on MAC (c5f7e41ea1437884d413156824379311)] -> xpath: //*[@id='date2']]])
23:16:36.576 INFO - Done: [click: 7 [[ChromeDriver: chrome on MAC (c5f7e41ea1437884d413156824379311)] -> xpath: //*[@id='date2']]]
23:16:36.579 INFO - Executing: [find element: By.xpath: //*[@id='ui-datepicker-div']/div/a[1]/span])
23:16:36.587 INFO - Done: [find element: By.xpath: //*[@id='ui-datepicker-div']/div/a[1]/span]
23:16:36.590 INFO - Executing: [click: 8 [[ChromeDriver: chrome on MAC (c5f7e41ea1437884d413156824379311)] -> xpath: //*[@id='ui-datepicker-div']/div/a[1]/span]])
23:16:36.655 INFO - Done: [click: 8 [[ChromeDriver: chrome on MAC (c5f7e41ea1437884d413156824379311)] -> xpath: //*[@id='ui-datepicker-div']/div/a[1]/span]]
23:16:36.658 INFO - Executing: [find element: By.xpath: //*[@id='ui-datepicker-div']/table/tbody/tr[5]/td[1]/a])
23:16:36.671 INFO - Done: [find element: By.xpath: //*[@id='ui-datepicker-div']/table/tbody/tr[5]/td[1]/a]
23:16:36.673 INFO - Executing: [click: 9 [[ChromeDriver: chrome on MAC (c5f7e41ea1437884d413156824379311)] -> xpath: //*[@id='ui-datepicker-div']/table/tbody/tr[5]/td[1]/a]])
23:16:36.720 INFO - Done: [click: 9 [[ChromeDriver: chrome on MAC (c5f7e41ea1437884d413156824379311)] -> xpath: //*[@id='ui-datepicker-div']/table/tbody/tr[5]/td[1]/a]]
23:16:37.724 INFO - Executing: [find element: By.xpath: //*[@id='travelers']])
23:16:37.740 INFO - Done: [find element: By.xpath: //*[@id='travelers']]
23:16:37.743 INFO - Executing: [click: 10 [[ChromeDriver: chrome on MAC (c5f7e41ea1437884d413156824379311)] -> xpath: //*[@id='travelers']]])
23:16:37.816 INFO - Done: [click: 10 [[ChromeDriver: chrome on MAC (c5f7e41ea1437884d413156824379311)] -> xpath: //*[@id='travelers']]]
23:16:37.819 INFO - Executing: [find element: By.xpath: //*[@id='travelers']/option[3]])
23:16:37.833 INFO - Done: [find element: By.xpath: //*[@id='travelers']/option[3]]
23:16:37.834 INFO - Executing: [click: 11 [[ChromeDriver: chrome on MAC (c5f7e41ea1437884d413156824379311)] -> xpath: //*[@id='travelers']/option[3]]])
23:16:38.101 INFO - Done: [click: 11 [[ChromeDriver: chrome on MAC (c5f7e41ea1437884d413156824379311)] -> xpath: //*[@id='travelers']/option[3]]]
23:16:43.110 INFO - Executing: [find element: By.xpath: //*[@id='search-button']])
23:16:43.127 INFO - Done: [find element: By.xpath: //*[@id='search-button']]
23:16:43.129 INFO - Executing: [click: 12 [[ChromeDriver: chrome on MAC (c5f7e41ea1437884d413156824379311)] -> xpath: //*[@id='search-button']]])
23:16:43.421 INFO - Done: [click: 12 [[ChromeDriver: chrome on MAC (c5f7e41ea1437884d413156824379311)] -> xpath: //*[@id='search-button']]]
23:16:43.424 INFO - Executing: [get window handles])
23:16:43.639 INFO - Done: [get window handles]
23:16:43.660 INFO - Executing: [switch to window: CDwindow-6DDFA240BDAF99A10C86BC727E9EC48A])
23:16:43.668 INFO - Done: [switch to window: CDwindow-6DDFA240BDAF99A10C86BC727E9EC48A]
23:16:43.671 INFO - Executing: [find elements: By.xpath: //*[@id='travel-tabs']/div[4]/p[5]/a])
23:16:43.897 INFO - Done: [find elements: By.xpath: //*[@id='travel-tabs']/div[4]/p[5]/a]
23:16:43.899 INFO - Executing: [is displayed: 13 [[ChromeDriver: chrome on MAC (c5f7e41ea1437884d413156824379311)] -> xpath: //*[@id='travel-tabs']/div[4]/p[5]/a]])
23:16:43.914 INFO - Done: [is displayed: 13 [[ChromeDriver: chrome on MAC (c5f7e41ea1437884d413156824379311)] -> xpath: //*[@id='travel-tabs']/div[4]/p[5]/a]]
23:16:43.918 INFO - Executing: [take screenshot])
23:16:57.129 INFO - Done: [take screenshot]
23:16:57.199 INFO - Executing: [find element: By.xpath: //*[@id='travel-tabs']/div[4]/p[5]/a])
23:16:57.217 INFO - Done: [find element: By.xpath: //*[@id='travel-tabs']/div[4]/p[5]/a]
23:16:57.221 INFO - Executing: [click: 13 [[ChromeDriver: chrome on MAC (c5f7e41ea1437884d413156824379311)] -> xpath: //*[@id='travel-tabs']/div[4]/p[5]/a]])
23:16:57.472 INFO - Done: [click: 13 [[ChromeDriver: chrome on MAC (c5f7e41ea1437884d413156824379311)] -> xpath: //*[@id='travel-tabs']/div[4]/p[5]/a]]
23:17:03.479 INFO - Executing: [get window handles])
23:17:03.484 INFO - Done: [get window handles]
23:17:03.487 INFO - Executing: [take screenshot])
23:17:04.181 INFO - Done: [take screenshot]
23:17:04.313 INFO - Executing: [find element: By.xpath: //*[@id='ct-header']/ul/li[2]/div/a/span[1]/img])
23:17:04.330 INFO - Done: [find element: By.xpath: //*[@id='ct-header']/ul/li[2]/div/a/span[1]/img]
23:17:04.332 INFO - Executing: [click: 14 [[ChromeDriver: chrome on MAC (c5f7e41ea1437884d413156824379311)] -> xpath: //*[@id='ct-header']/ul/li[2]/div/a/span[1]/img]])
23:17:04.508 INFO - Done: [click: 14 [[ChromeDriver: chrome on MAC (c5f7e41ea1437884d413156824379311)] -> xpath: //*[@id='ct-header']/ul/li[2]/div/a/span[1]/img]]
23:17:08.514 INFO - Executing: [get window handles])
23:17:08.520 INFO - Done: [get window handles]
23:17:08.523 INFO - Executing: [take screenshot])
23:17:09.008 INFO - Done: [take screenshot]
23:17:09.037 INFO - Executing: [find element: By.xpath: //*[@id='ct-header']/ul/li[3]/div/a/span[1]/img])
23:17:09.052 INFO - Done: [find element: By.xpath: //*[@id='ct-header']/ul/li[3]/div/a/span[1]/img]
23:17:09.054 INFO - Executing: [click: 15 [[ChromeDriver: chrome on MAC (c5f7e41ea1437884d413156824379311)] -> xpath: //*[@id='ct-header']/ul/li[3]/div/a/span[1]/img]])
23:17:09.335 INFO - Done: [click: 15 [[ChromeDriver: chrome on MAC (c5f7e41ea1437884d413156824379311)] -> xpath: //*[@id='ct-header']/ul/li[3]/div/a/span[1]/img]]
23:17:15.339 INFO - Executing: [get window handles])
23:17:15.345 INFO - Done: [get window handles]
23:17:15.349 INFO - Executing: [take screenshot])
23:17:15.945 INFO - Done: [take screenshot]
23:17:16.059 INFO - Executing: [find element: By.xpath: //*[@id='ct-header']/ul/li[4]/div/a/span[1]/img])
23:17:16.074 INFO - Done: [find element: By.xpath: //*[@id='ct-header']/ul/li[4]/div/a/span[1]/img]
23:17:16.076 INFO - Executing: [click: 16 [[ChromeDriver: chrome on MAC (c5f7e41ea1437884d413156824379311)] -> xpath: //*[@id='ct-header']/ul/li[4]/div/a/span[1]/img]])
23:17:16.277 INFO - Done: [click: 16 [[ChromeDriver: chrome on MAC (c5f7e41ea1437884d413156824379311)] -> xpath: //*[@id='ct-header']/ul/li[4]/div/a/span[1]/img]]
23:17:22.284 INFO - Executing: [get window handles])
23:17:22.289 INFO - Done: [get window handles]
23:17:22.294 INFO - Executing: [switch to window: CDwindow-E735132217A9613958E56EE00F1191CB])
23:17:22.299 INFO - Done: [switch to window: CDwindow-E735132217A9613958E56EE00F1191CB]
23:17:22.302 INFO - Executing: [take screenshot])
23:17:22.897 INFO - Done: [take screenshot]
23:17:22.978 INFO - Executing: [close window])
23:17:23.026 INFO - Done: [close window]
23:17:23.029 INFO - Executing: [switch to window: CDwindow-6DDFA240BDAF99A10C86BC727E9EC48A])
23:17:23.054 INFO - Done: [switch to window: CDwindow-6DDFA240BDAF99A10C86BC727E9EC48A]
23:17:23.057 INFO - Executing: [find element: By.xpath: //*[@id='ct-header']/ul/li[5]/div/a/span[1]/img])
23:17:23.502 INFO - Done: [find element: By.xpath: //*[@id='ct-header']/ul/li[5]/div/a/span[1]/img]
23:17:23.504 INFO - Executing: [click: 17 [[ChromeDriver: chrome on MAC (c5f7e41ea1437884d413156824379311)] -> xpath: //*[@id='ct-header']/ul/li[5]/div/a/span[1]/img]])
23:17:23.654 INFO - Done: [click: 17 [[ChromeDriver: chrome on MAC (c5f7e41ea1437884d413156824379311)] -> xpath: //*[@id='ct-header']/ul/li[5]/div/a/span[1]/img]]
23:17:29.657 INFO - Executing: [get window handles])
23:17:29.662 INFO - Done: [get window handles]
23:17:29.665 INFO - Executing: [switch to window: CDwindow-EB623CF849E3218FD19982D000A1E8C3])
23:17:29.670 INFO - Done: [switch to window: CDwindow-EB623CF849E3218FD19982D000A1E8C3]
23:17:29.672 INFO - Executing: [take screenshot])
23:17:30.129 INFO - Done: [take screenshot]
23:17:30.175 INFO - Executing: [close window])
23:17:30.438 INFO - Done: [close window]
23:17:30.444 INFO - Executing: [switch to window: CDwindow-6DDFA240BDAF99A10C86BC727E9EC48A])
23:17:30.451 INFO - Done: [switch to window: CDwindow-6DDFA240BDAF99A10C86BC727E9EC48A]
23:17:30.455 INFO - Executing: [find element: By.xpath: //*[@id='ct-header']/ul/li[6]/div/a/span[1]/img])
23:17:30.564 INFO - Done: [find element: By.xpath: //*[@id='ct-header']/ul/li[6]/div/a/span[1]/img]
23:17:30.568 INFO - Executing: [click: 18 [[ChromeDriver: chrome on MAC (c5f7e41ea1437884d413156824379311)] -> xpath: //*[@id='ct-header']/ul/li[6]/div/a/span[1]/img]])
23:17:30.758 INFO - Done: [click: 18 [[ChromeDriver: chrome on MAC (c5f7e41ea1437884d413156824379311)] -> xpath: //*[@id='ct-header']/ul/li[6]/div/a/span[1]/img]]
23:17:36.764 INFO - Executing: [get window handles])
23:17:36.769 INFO - Done: [get window handles]
23:17:36.773 INFO - Executing: [switch to window: CDwindow-067C2E8BB64A809DDA3224BE7A4E7017])
23:17:36.777 INFO - Done: [switch to window: CDwindow-067C2E8BB64A809DDA3224BE7A4E7017]
23:17:36.779 INFO - Executing: [take screenshot])
23:17:37.159 INFO - Done: [take screenshot]
23:17:37.174 INFO - Executing: [close window])
23:17:37.237 INFO - Done: [close window]
23:17:37.241 INFO - Executing: [switch to window: CDwindow-6DDFA240BDAF99A10C86BC727E9EC48A])
23:17:37.245 INFO - Done: [switch to window: CDwindow-6DDFA240BDAF99A10C86BC727E9EC48A]
23:17:37.247 INFO - Executing: [find element: By.xpath: //*[@id='ct-header']/ul/li[7]/div/a/span[1]/img])
23:17:37.265 INFO - Done: [find element: By.xpath: //*[@id='ct-header']/ul/li[7]/div/a/span[1]/img]
23:17:37.270 INFO - Executing: [click: 19 [[ChromeDriver: chrome on MAC (c5f7e41ea1437884d413156824379311)] -> xpath: //*[@id='ct-header']/ul/li[7]/div/a/span[1]/img]])
23:17:37.414 INFO - Done: [click: 19 [[ChromeDriver: chrome on MAC (c5f7e41ea1437884d413156824379311)] -> xpath: //*[@id='ct-header']/ul/li[7]/div/a/span[1]/img]]
23:17:43.419 INFO - Executing: [get window handles])
23:17:43.425 INFO - Done: [get window handles]
23:17:43.430 INFO - Executing: [switch to window: CDwindow-D8FB39D6280A6ECCEF7435D6B80D2B29])
23:17:43.435 INFO - Done: [switch to window: CDwindow-D8FB39D6280A6ECCEF7435D6B80D2B29]
23:17:43.437 INFO - Executing: [take screenshot])
23:17:43.903 INFO - Done: [take screenshot]
23:17:43.958 INFO - Executing: [close window])
23:17:44.028 INFO - Done: [close window]
23:17:44.032 INFO - Executing: [switch to window: CDwindow-6DDFA240BDAF99A10C86BC727E9EC48A])
23:17:44.039 INFO - Done: [switch to window: CDwindow-6DDFA240BDAF99A10C86BC727E9EC48A]
23:17:44.041 INFO - Executing: [get current url])
23:17:44.052 INFO - Done: [get current url]
23:17:44.064 INFO - Executing: [delete session: 1030cb29-bbe9-43fe-8d27-80ffbbd8484a])
23:17:44.270 INFO - Done: [delete session: 1030cb29-bbe9-43fe-8d27-80ffbbd8484a]
23:17:44.324 INFO - Executing: [new session: Capabilities [{acceptSslCerts=true, name=Hotel Citywide Tests, browserName=chrome, javascriptEnabled=true, platform=ANY}]])
23:17:44.325 INFO - Creating a new session for Capabilities [{acceptSslCerts=true, name=Hotel Citywide Tests, browserName=chrome, javascriptEnabled=true, platform=ANY}]
Starting ChromeDriver 2.37.544337 (8c0344a12e552148c185f7d5117db1f28d6c9e85) on port 24599
Only local connections are allowed.
23:17:45.235 INFO - Detected dialect: OSS
23:17:45.237 INFO - Done: [new session: Capabilities [{acceptSslCerts=true, name=Hotel Citywide Tests, browserName=chrome, javascriptEnabled=true, platform=ANY}]]
23:17:45.240 INFO - Executing: [get: https://www.clicktripz.com/test.php])
23:17:46.225 INFO - Done: [get: https://www.clicktripz.com/test.php]
23:17:46.228 INFO - Executing: [find element: By.xpath: html/body/div[1]/div/h1])
23:17:46.244 INFO - Done: [find element: By.xpath: html/body/div[1]/div/h1]
23:17:46.246 INFO - Executing: [get text: 0 [[ChromeDriver: chrome on MAC (7482d2c96083cd59fa198cae618466f1)] -> xpath: html/body/div[1]/div/h1]])
23:17:46.262 INFO - Done: [get text: 0 [[ChromeDriver: chrome on MAC (7482d2c96083cd59fa198cae618466f1)] -> xpath: html/body/div[1]/div/h1]]
23:17:46.265 INFO - Executing: [find element: By.xpath: //*[@id='city']])
23:17:46.279 INFO - Done: [find element: By.xpath: //*[@id='city']]
23:17:46.280 INFO - Executing: [clear: 1 [[ChromeDriver: chrome on MAC (7482d2c96083cd59fa198cae618466f1)] -> xpath: //*[@id='city']]])
23:17:46.299 INFO - Done: [clear: 1 [[ChromeDriver: chrome on MAC (7482d2c96083cd59fa198cae618466f1)] -> xpath: //*[@id='city']]]
23:17:46.302 INFO - Executing: [find element: By.xpath: //*[@id='city']])
23:17:46.313 INFO - Done: [find element: By.xpath: //*[@id='city']]
23:17:46.315 INFO - Executing: [send keys: 1 [[ChromeDriver: chrome on MAC (7482d2c96083cd59fa198cae618466f1)] -> xpath: //*[@id='city']], [A, u, s, t, i, n, ,,  , T, X]])
23:17:46.393 INFO - Done: [send keys: 1 [[ChromeDriver: chrome on MAC (7482d2c96083cd59fa198cae618466f1)] -> xpath: //*[@id='city']], [A, u, s, t, i, n, ,,  , T, X]]
23:17:46.396 INFO - Executing: [find element: By.xpath: //*[@id='date1']])
23:17:46.411 INFO - Done: [find element: By.xpath: //*[@id='date1']]
23:17:46.412 INFO - Executing: [click: 2 [[ChromeDriver: chrome on MAC (7482d2c96083cd59fa198cae618466f1)] -> xpath: //*[@id='date1']]])
23:17:46.494 INFO - Done: [click: 2 [[ChromeDriver: chrome on MAC (7482d2c96083cd59fa198cae618466f1)] -> xpath: //*[@id='date1']]]
23:17:46.496 INFO - Executing: [find element: By.xpath: //*[@id='ui-datepicker-div']/table/tbody/tr[4]/td[6]/a])
23:17:46.512 INFO - Done: [find element: By.xpath: //*[@id='ui-datepicker-div']/table/tbody/tr[4]/td[6]/a]
23:17:46.514 INFO - Executing: [click: 3 [[ChromeDriver: chrome on MAC (7482d2c96083cd59fa198cae618466f1)] -> xpath: //*[@id='ui-datepicker-div']/table/tbody/tr[4]/td[6]/a]])
23:17:46.577 INFO - Done: [click: 3 [[ChromeDriver: chrome on MAC (7482d2c96083cd59fa198cae618466f1)] -> xpath: //*[@id='ui-datepicker-div']/table/tbody/tr[4]/td[6]/a]]
23:17:47.586 INFO - Executing: [find element: By.xpath: //*[@id='date2']])
23:17:47.605 INFO - Done: [find element: By.xpath: //*[@id='date2']]
23:17:47.607 INFO - Executing: [click: 4 [[ChromeDriver: chrome on MAC (7482d2c96083cd59fa198cae618466f1)] -> xpath: //*[@id='date2']]])
23:17:47.654 INFO - Done: [click: 4 [[ChromeDriver: chrome on MAC (7482d2c96083cd59fa198cae618466f1)] -> xpath: //*[@id='date2']]]
23:17:47.656 INFO - Executing: [find element: By.xpath: //*[@id='ui-datepicker-div']/table/tbody/tr[5]/td[1]/a])
23:17:47.671 INFO - Done: [find element: By.xpath: //*[@id='ui-datepicker-div']/table/tbody/tr[5]/td[1]/a]
23:17:47.673 INFO - Executing: [click: 5 [[ChromeDriver: chrome on MAC (7482d2c96083cd59fa198cae618466f1)] -> xpath: //*[@id='ui-datepicker-div']/table/tbody/tr[5]/td[1]/a]])
23:17:47.728 INFO - Done: [click: 5 [[ChromeDriver: chrome on MAC (7482d2c96083cd59fa198cae618466f1)] -> xpath: //*[@id='ui-datepicker-div']/table/tbody/tr[5]/td[1]/a]]
23:17:48.736 INFO - Executing: [find element: By.xpath: //*[@id='guests']])
23:17:48.752 INFO - Done: [find element: By.xpath: //*[@id='guests']]
23:17:48.754 INFO - Executing: [click: 6 [[ChromeDriver: chrome on MAC (7482d2c96083cd59fa198cae618466f1)] -> xpath: //*[@id='guests']]])
23:17:48.843 INFO - Done: [click: 6 [[ChromeDriver: chrome on MAC (7482d2c96083cd59fa198cae618466f1)] -> xpath: //*[@id='guests']]]
23:17:48.846 INFO - Executing: [find element: By.xpath: //*[@id='guests']/option[2]])
23:17:48.859 INFO - Done: [find element: By.xpath: //*[@id='guests']/option[2]]
23:17:48.861 INFO - Executing: [click: 7 [[ChromeDriver: chrome on MAC (7482d2c96083cd59fa198cae618466f1)] -> xpath: //*[@id='guests']/option[2]]])
23:17:49.128 INFO - Done: [click: 7 [[ChromeDriver: chrome on MAC (7482d2c96083cd59fa198cae618466f1)] -> xpath: //*[@id='guests']/option[2]]]
23:17:54.135 INFO - Executing: [find element: By.xpath: //*[@id='search-button']])
23:17:54.153 INFO - Done: [find element: By.xpath: //*[@id='search-button']]
23:17:54.155 INFO - Executing: [click: 8 [[ChromeDriver: chrome on MAC (7482d2c96083cd59fa198cae618466f1)] -> xpath: //*[@id='search-button']]])
23:17:54.441 INFO - Done: [click: 8 [[ChromeDriver: chrome on MAC (7482d2c96083cd59fa198cae618466f1)] -> xpath: //*[@id='search-button']]]
23:17:54.443 INFO - Executing: [get window handles])
23:17:54.650 INFO - Done: [get window handles]
23:17:54.665 INFO - Executing: [switch to window: CDwindow-9434C05EC24D03AB44579942A0CFFA5C])
23:17:54.676 INFO - Done: [switch to window: CDwindow-9434C05EC24D03AB44579942A0CFFA5C]
23:17:54.679 INFO - Executing: [find elements: By.xpath: //*[@id='travel-tabs']/div[4]/p[5]/a])
23:17:54.890 INFO - Done: [find elements: By.xpath: //*[@id='travel-tabs']/div[4]/p[5]/a]
23:17:54.893 INFO - Executing: [is displayed: 9 [[ChromeDriver: chrome on MAC (7482d2c96083cd59fa198cae618466f1)] -> xpath: //*[@id='travel-tabs']/div[4]/p[5]/a]])
23:17:54.908 INFO - Done: [is displayed: 9 [[ChromeDriver: chrome on MAC (7482d2c96083cd59fa198cae618466f1)] -> xpath: //*[@id='travel-tabs']/div[4]/p[5]/a]]
23:17:54.911 INFO - Executing: [take screenshot])
23:18:03.585 INFO - Done: [take screenshot]
23:18:03.666 INFO - Executing: [find element: By.xpath: //*[@id='travel-tabs']/div[4]/p[5]/a])
23:18:03.686 INFO - Done: [find element: By.xpath: //*[@id='travel-tabs']/div[4]/p[5]/a]
23:18:03.688 INFO - Executing: [click: 9 [[ChromeDriver: chrome on MAC (7482d2c96083cd59fa198cae618466f1)] -> xpath: //*[@id='travel-tabs']/div[4]/p[5]/a]])
23:18:03.958 INFO - Done: [click: 9 [[ChromeDriver: chrome on MAC (7482d2c96083cd59fa198cae618466f1)] -> xpath: //*[@id='travel-tabs']/div[4]/p[5]/a]]
23:18:09.964 INFO - Executing: [get window handles])
23:18:09.969 INFO - Done: [get window handles]
23:18:09.972 INFO - Executing: [take screenshot])
23:18:10.608 INFO - Done: [take screenshot]
23:18:10.720 INFO - Executing: [find element: By.xpath: //*[@id='ct-header']/ul/li[2]/div/a/span[1]/img])
23:18:10.733 INFO - Done: [find element: By.xpath: //*[@id='ct-header']/ul/li[2]/div/a/span[1]/img]
23:18:10.735 INFO - Executing: [click: 10 [[ChromeDriver: chrome on MAC (7482d2c96083cd59fa198cae618466f1)] -> xpath: //*[@id='ct-header']/ul/li[2]/div/a/span[1]/img]])
23:18:10.898 INFO - Done: [click: 10 [[ChromeDriver: chrome on MAC (7482d2c96083cd59fa198cae618466f1)] -> xpath: //*[@id='ct-header']/ul/li[2]/div/a/span[1]/img]]
23:18:16.906 INFO - Executing: [get window handles])
23:18:16.912 INFO - Done: [get window handles]
23:18:16.915 INFO - Executing: [take screenshot])
23:18:17.465 INFO - Done: [take screenshot]
23:18:17.549 INFO - Executing: [find element: By.xpath: //*[@id='ct-header']/ul/li[3]/div/a/span[1]/img])
23:18:17.563 INFO - Done: [find element: By.xpath: //*[@id='ct-header']/ul/li[3]/div/a/span[1]/img]
23:18:17.564 INFO - Executing: [click: 11 [[ChromeDriver: chrome on MAC (7482d2c96083cd59fa198cae618466f1)] -> xpath: //*[@id='ct-header']/ul/li[3]/div/a/span[1]/img]])
23:18:17.799 INFO - Done: [click: 11 [[ChromeDriver: chrome on MAC (7482d2c96083cd59fa198cae618466f1)] -> xpath: //*[@id='ct-header']/ul/li[3]/div/a/span[1]/img]]
23:18:23.804 INFO - Executing: [get window handles])
23:18:23.809 INFO - Done: [get window handles]
23:18:23.813 INFO - Executing: [switch to window: CDwindow-50C71157669ACF6ECB16D4306B530487])
23:18:23.817 INFO - Done: [switch to window: CDwindow-50C71157669ACF6ECB16D4306B530487]
23:18:23.819 INFO - Executing: [take screenshot])
23:18:25.068 INFO - Done: [take screenshot]
23:18:25.194 INFO - Executing: [close window])
23:18:25.310 INFO - Done: [close window]
23:18:25.313 INFO - Executing: [switch to window: CDwindow-9434C05EC24D03AB44579942A0CFFA5C])
23:18:25.318 INFO - Done: [switch to window: CDwindow-9434C05EC24D03AB44579942A0CFFA5C]
23:18:25.320 INFO - Executing: [find element: By.xpath: //*[@id='ct-header']/ul/li[4]/div/a/span[1]/img])
23:18:25.399 INFO - Done: [find element: By.xpath: //*[@id='ct-header']/ul/li[4]/div/a/span[1]/img]
23:18:25.401 INFO - Executing: [click: 12 [[ChromeDriver: chrome on MAC (7482d2c96083cd59fa198cae618466f1)] -> xpath: //*[@id='ct-header']/ul/li[4]/div/a/span[1]/img]])
23:18:25.450 INFO - Done: [click: 12 [[ChromeDriver: chrome on MAC (7482d2c96083cd59fa198cae618466f1)] -> xpath: //*[@id='ct-header']/ul/li[4]/div/a/span[1]/img]]
23:18:31.456 INFO - Executing: [get window handles])
23:18:31.461 INFO - Done: [get window handles]
23:18:31.463 INFO - Executing: [take screenshot])
23:18:32.134 INFO - Done: [take screenshot]
23:18:32.270 INFO - Executing: [find element: By.xpath: //*[@id='ct-header']/ul/li[5]/div/a/span[1]/img])
23:18:32.297 INFO - Done: [find element: By.xpath: //*[@id='ct-header']/ul/li[5]/div/a/span[1]/img]
23:18:32.299 INFO - Executing: [click: 13 [[ChromeDriver: chrome on MAC (7482d2c96083cd59fa198cae618466f1)] -> xpath: //*[@id='ct-header']/ul/li[5]/div/a/span[1]/img]])
23:18:32.633 INFO - Done: [click: 13 [[ChromeDriver: chrome on MAC (7482d2c96083cd59fa198cae618466f1)] -> xpath: //*[@id='ct-header']/ul/li[5]/div/a/span[1]/img]]
23:18:38.644 INFO - Executing: [get window handles])
23:18:38.650 INFO - Done: [get window handles]
23:18:38.654 INFO - Executing: [switch to window: CDwindow-C3508481087E5F133967DFF52177D52F])
23:18:38.662 INFO - Done: [switch to window: CDwindow-C3508481087E5F133967DFF52177D52F]
23:18:38.664 INFO - Executing: [take screenshot])
23:18:39.959 INFO - Done: [take screenshot]
23:18:40.162 INFO - Executing: [close window])
23:18:40.262 INFO - Done: [close window]
23:18:40.266 INFO - Executing: [switch to window: CDwindow-9434C05EC24D03AB44579942A0CFFA5C])
23:18:40.270 INFO - Done: [switch to window: CDwindow-9434C05EC24D03AB44579942A0CFFA5C]
23:18:40.272 INFO - Executing: [find element: By.xpath: //*[@id='ct-header']/ul/li[6]/div/a/span[1]/img])
23:18:40.376 INFO - Done: [find element: By.xpath: //*[@id='ct-header']/ul/li[6]/div/a/span[1]/img]
23:18:40.379 INFO - Executing: [click: 14 [[ChromeDriver: chrome on MAC (7482d2c96083cd59fa198cae618466f1)] -> xpath: //*[@id='ct-header']/ul/li[6]/div/a/span[1]/img]])
23:18:40.442 INFO - Done: [click: 14 [[ChromeDriver: chrome on MAC (7482d2c96083cd59fa198cae618466f1)] -> xpath: //*[@id='ct-header']/ul/li[6]/div/a/span[1]/img]]
23:18:46.446 INFO - Executing: [get window handles])
23:18:46.451 INFO - Done: [get window handles]
23:18:46.453 INFO - Executing: [take screenshot])
23:18:47.168 INFO - Done: [take screenshot]
23:18:47.306 INFO - Executing: [find element: By.xpath: //*[@id='ct-header']/ul/li[7]/div/a/span[1]/img])
23:18:47.674 INFO - Done: [find element: By.xpath: //*[@id='ct-header']/ul/li[7]/div/a/span[1]/img]
23:18:47.676 INFO - Executing: [click: 15 [[ChromeDriver: chrome on MAC (7482d2c96083cd59fa198cae618466f1)] -> xpath: //*[@id='ct-header']/ul/li[7]/div/a/span[1]/img]])
23:18:48.959 INFO - Done: [click: 15 [[ChromeDriver: chrome on MAC (7482d2c96083cd59fa198cae618466f1)] -> xpath: //*[@id='ct-header']/ul/li[7]/div/a/span[1]/img]]
23:18:54.967 INFO - Executing: [get window handles])
23:18:54.972 INFO - Done: [get window handles]
23:18:54.976 INFO - Executing: [take screenshot])
23:18:55.495 INFO - Done: [take screenshot]
23:18:55.558 INFO - Executing: [get current url])
23:18:55.573 INFO - Done: [get current url]
23:18:55.576 INFO - Executing: [delete session: 2b465d2d-f269-4929-8a1d-926f061e8445])
23:18:55.805 INFO - Done: [delete session: 2b465d2d-f269-4929-8a1d-926f061e8445]
